<?xml version="1.0" encoding="UTF-8"?>
<!-- Generated by org.testng.reporters.JUnitReportReporter -->
<testsuite hostname="ATLAP301" failures="0" tests="1" name="com.adx.api.automation.adx.AdxTripApiTest" time="5.488" errors="0" timestamp="15 Mar 2022 22:57:27 GMT" skipped="0">
  <testcase classname="com.adx.api.automation.adx.AdxTripApiTest" name="CreateASingleVehicle" time="5.488"/>
</testsuite> <!-- com.adx.api.automation.adx.AdxTripApiTest -->
