<?xml version="1.0" encoding="UTF-8"?>
<!-- Generated by org.testng.reporters.JUnitReportReporter -->
<testsuite hostname="ATLAP301" failures="0" tests="1" name="com.adx.api.automation.adx.TestRequest" time="2.223" errors="0" timestamp="19 Mar 2022 10:01:28 GMT" skipped="0">
  <testcase classname="com.adx.api.automation.adx.TestRequest" name="addSingleVehicle" time="2.223"/>
</testsuite> <!-- com.adx.api.automation.adx.TestRequest -->
